This is pdfTeX, Version 3.141592653-2.6-1.40.22 (TeX Live 2021/nixos.org) (preloaded format=pdflatex 1980.1.1)  27 APR 2023 17:58
entering extended mode
 restricted \write18 enabled.
 %&-line parsing enabled.
**/home/atticusk/math/multi/lin_alg.tex
(/home/atticusk/math/multi/lin_alg.tex
LaTeX2e <2021-11-15> patch level 1
L3 programming layer <2022-02-24>
(/nix/store/75adgcxqamh0v7cvfax3ivy0hj4f8g8q-texlive-combined-medium-2021-final
/share/texmf/tex/latex/base/article.cls
Document Class: article 2021/10/04 v1.4n Standard LaTeX document class

(/nix/store/75adgcxqamh0v7cvfax3ivy0hj4f8g8q-texlive-combined-medium-2021-final
/share/texmf/tex/latex/base/size11.clo
File: size11.clo 2021/10/04 v1.4n Standard LaTeX file (size option)
)
\c@part=\count185
\c@section=\count186
\c@subsection=\count187
\c@subsubsection=\count188
\c@paragraph=\count189
\c@subparagraph=\count190
\c@figure=\count191
\c@table=\count192
\abovecaptionskip=\skip47
\belowcaptionskip=\skip48
\bibindent=\dimen138
)
(/nix/store/75adgcxqamh0v7cvfax3ivy0hj4f8g8q-texlive-combined-medium-2021-final
/share/texmf/tex/latex/mathtools/mathtools.sty
Package: mathtools 2022/02/07 v1.28a mathematical typesetting tools

(/nix/store/75adgcxqamh0v7cvfax3ivy0hj4f8g8q-texlive-combined-medium-2021-final
/share/texmf/tex/latex/graphics/keyval.sty
Package: keyval 2014/10/28 v1.15 key=value parser (DPC)
\KV@toks@=\toks16
)
(/nix/store/75adgcxqamh0v7cvfax3ivy0hj4f8g8q-texlive-combined-medium-2021-final
/share/texmf/tex/latex/tools/calc.sty
Package: calc 2017/05/25 v4.3 Infix arithmetic (KKT,FJ)
\calc@Acount=\count193
\calc@Bcount=\count194
\calc@Adimen=\dimen139
\calc@Bdimen=\dimen140
\calc@Askip=\skip49
\calc@Bskip=\skip50
LaTeX Info: Redefining \setlength on input line 80.
LaTeX Info: Redefining \addtolength on input line 81.
\calc@Ccount=\count195
\calc@Cskip=\skip51
)
(/nix/store/75adgcxqamh0v7cvfax3ivy0hj4f8g8q-texlive-combined-medium-2021-final
/share/texmf/tex/latex/mathtools/mhsetup.sty
Package: mhsetup 2021/03/18 v1.4 programming setup (MH)
)
(/nix/store/75adgcxqamh0v7cvfax3ivy0hj4f8g8q-texlive-combined-medium-2021-final
/share/texmf/tex/latex/amsmath/amsmath.sty
Package: amsmath 2021/10/15 v2.17l AMS math features
\@mathmargin=\skip52

For additional information on amsmath, use the `?' option.

(/nix/store/75adgcxqamh0v7cvfax3ivy0hj4f8g8q-texlive-combined-medium-2021-final
/share/texmf/tex/latex/amsmath/amstext.sty
Package: amstext 2021/08/26 v2.01 AMS text

(/nix/store/75adgcxqamh0v7cvfax3ivy0hj4f8g8q-texlive-combined-medium-2021-final
/share/texmf/tex/latex/amsmath/amsgen.sty
File: amsgen.sty 1999/11/30 v2.0 generic functions
\@emptytoks=\toks17
\ex@=\dimen141
))
(/nix/store/75adgcxqamh0v7cvfax3ivy0hj4f8g8q-texlive-combined-medium-2021-final
/share/texmf/tex/latex/amsmath/amsbsy.sty
Package: amsbsy 1999/11/29 v1.2d Bold Symbols
\pmbraise@=\dimen142
)
(/nix/store/75adgcxqamh0v7cvfax3ivy0hj4f8g8q-texlive-combined-medium-2021-final
/share/texmf/tex/latex/amsmath/amsopn.sty
Package: amsopn 2021/08/26 v2.02 operator names
)
\inf@bad=\count196
LaTeX Info: Redefining \frac on input line 234.
\uproot@=\count197
\leftroot@=\count198
LaTeX Info: Redefining \overline on input line 399.
\classnum@=\count199
\DOTSCASE@=\count266
LaTeX Info: Redefining \ldots on input line 496.
LaTeX Info: Redefining \dots on input line 499.
LaTeX Info: Redefining \cdots on input line 620.
\Mathstrutbox@=\box50
\strutbox@=\box51
\big@size=\dimen143
LaTeX Font Info:    Redeclaring font encoding OML on input line 743.
LaTeX Font Info:    Redeclaring font encoding OMS on input line 744.
\macc@depth=\count267
\c@MaxMatrixCols=\count268
\dotsspace@=\muskip16
\c@parentequation=\count269
\dspbrk@lvl=\count270
\tag@help=\toks18
\row@=\count271
\column@=\count272
\maxfields@=\count273
\andhelp@=\toks19
\eqnshift@=\dimen144
\alignsep@=\dimen145
\tagshift@=\dimen146
\tagwidth@=\dimen147
\totwidth@=\dimen148
\lineht@=\dimen149
\@envbody=\toks20
\multlinegap=\skip53
\multlinetaggap=\skip54
\mathdisplay@stack=\toks21
LaTeX Info: Redefining \[ on input line 2938.
LaTeX Info: Redefining \] on input line 2939.
)
\g_MT_multlinerow_int=\count274
\l_MT_multwidth_dim=\dimen150
\origjot=\skip55
\l_MT_shortvdotswithinadjustabove_dim=\dimen151
\l_MT_shortvdotswithinadjustbelow_dim=\dimen152
\l_MT_above_intertext_sep=\dimen153
\l_MT_below_intertext_sep=\dimen154
\l_MT_above_shortintertext_sep=\dimen155
\l_MT_below_shortintertext_sep=\dimen156
\xmathstrut@box=\box52
\xmathstrut@dim=\dimen157
)
(/home/atticusk/texmf/tex/latex/commonstuff/sagetex.sty
Package: sagetex 2021/10/16 v3.6 embedding Sage into LaTeX documents

(/nix/store/75adgcxqamh0v7cvfax3ivy0hj4f8g8q-texlive-combined-medium-2021-final
/share/texmf/tex/latex/tools/verbatim.sty
Package: verbatim 2020-07-07 v1.5u LaTeX2e package for verbatim enhancements
\every@verbatim=\toks22
\verbatim@line=\toks23
\verbatim@in@stream=\read2
)
(/nix/store/75adgcxqamh0v7cvfax3ivy0hj4f8g8q-texlive-combined-medium-2021-final
/share/texmf/tex/latex/fancyvrb/fancyvrb.sty
Package: fancyvrb 2021/12/21 4.1b verbatim text (tvz,hv)
\FV@CodeLineNo=\count275
\FV@InFile=\read3
\FV@TabBox=\box53
\c@FancyVerbLine=\count276
\FV@StepNumber=\count277
\FV@OutFile=\write3
)
(/nix/store/75adgcxqamh0v7cvfax3ivy0hj4f8g8q-texlive-combined-medium-2021-final
/share/texmf/tex/latex/listings/listings.sty
\lst@mode=\count278
\lst@gtempboxa=\box54
\lst@token=\toks24
\lst@length=\count279
\lst@currlwidth=\dimen158
\lst@column=\count280
\lst@pos=\count281
\lst@lostspace=\dimen159
\lst@width=\dimen160
\lst@newlines=\count282
\lst@lineno=\count283
\lst@maxwidth=\dimen161

(/nix/store/75adgcxqamh0v7cvfax3ivy0hj4f8g8q-texlive-combined-medium-2021-final
/share/texmf/tex/latex/listings/lstmisc.sty
File: lstmisc.sty 2020/03/24 1.8d (Carsten Heinz)
\c@lstnumber=\count284
\lst@skipnumbers=\count285
\lst@framebox=\box55
)
(/nix/store/75adgcxqamh0v7cvfax3ivy0hj4f8g8q-texlive-combined-medium-2021-final
/share/texmf/tex/latex/listings/listings.cfg
File: listings.cfg 2020/03/24 1.8d listings configuration
))
Package: listings 2020/03/24 1.8d (Carsten Heinz)

(/nix/store/75adgcxqamh0v7cvfax3ivy0hj4f8g8q-texlive-combined-medium-2021-final
/share/texmf/tex/latex/xcolor/xcolor.sty
Package: xcolor 2021/10/31 v2.13 LaTeX color extensions (UK)

(/nix/store/75adgcxqamh0v7cvfax3ivy0hj4f8g8q-texlive-combined-medium-2021-final
/share/texmf/tex/latex/graphics-cfg/color.cfg
File: color.cfg 2016/01/02 v1.6 sample color configuration
)
Package xcolor Info: Driver file: pdftex.def on input line 227.

(/nix/store/75adgcxqamh0v7cvfax3ivy0hj4f8g8q-texlive-combined-medium-2021-final
/share/texmf/tex/latex/graphics-def/pdftex.def
File: pdftex.def 2020/10/05 v1.2a Graphics/color driver for pdftex
)
Package xcolor Info: Model `cmy' substituted by `cmy0' on input line 1352.
Package xcolor Info: Model `hsb' substituted by `rgb' on input line 1356.
Package xcolor Info: Model `RGB' extended on input line 1368.
Package xcolor Info: Model `HTML' substituted by `rgb' on input line 1370.
Package xcolor Info: Model `Hsb' substituted by `hsb' on input line 1371.
Package xcolor Info: Model `tHsb' substituted by `hsb' on input line 1372.
Package xcolor Info: Model `HSB' substituted by `hsb' on input line 1373.
Package xcolor Info: Model `Gray' substituted by `gray' on input line 1374.
Package xcolor Info: Model `wave' substituted by `hsb' on input line 1375.
)
(/nix/store/75adgcxqamh0v7cvfax3ivy0hj4f8g8q-texlive-combined-medium-2021-final
/share/texmf/tex/latex/graphics/graphicx.sty
Package: graphicx 2021/09/16 v1.2d Enhanced LaTeX Graphics (DPC,SPQR)

(/nix/store/75adgcxqamh0v7cvfax3ivy0hj4f8g8q-texlive-combined-medium-2021-final
/share/texmf/tex/latex/graphics/graphics.sty
Package: graphics 2021/03/04 v1.4d Standard LaTeX Graphics (DPC,SPQR)

(/nix/store/75adgcxqamh0v7cvfax3ivy0hj4f8g8q-texlive-combined-medium-2021-final
/share/texmf/tex/latex/graphics/trig.sty
Package: trig 2021/08/11 v1.11 sin cos tan (DPC)
)
(/nix/store/75adgcxqamh0v7cvfax3ivy0hj4f8g8q-texlive-combined-medium-2021-final
/share/texmf/tex/latex/graphics-cfg/graphics.cfg
File: graphics.cfg 2016/06/04 v1.11 sample graphics configuration
)
Package graphics Info: Driver file: pdftex.def on input line 107.
)
\Gin@req@height=\dimen162
\Gin@req@width=\dimen163
)
(/nix/store/75adgcxqamh0v7cvfax3ivy0hj4f8g8q-texlive-combined-medium-2021-final
/share/texmf/tex/latex/makecmds/makecmds.sty
Package: makecmds 2009/09/03 v1.0a extra command making commands
)
(/nix/store/75adgcxqamh0v7cvfax3ivy0hj4f8g8q-texlive-combined-medium-2021-final
/share/texmf/tex/generic/iftex/ifpdf.sty
Package: ifpdf 2019/10/25 v3.4 ifpdf legacy package. Use iftex instead.

(/nix/store/75adgcxqamh0v7cvfax3ivy0hj4f8g8q-texlive-combined-medium-2021-final
/share/texmf/tex/generic/iftex/iftex.sty
Package: iftex 2022/02/03 v1.0f TeX engine tests
))
(/nix/store/75adgcxqamh0v7cvfax3ivy0hj4f8g8q-texlive-combined-medium-2021-final
/share/texmf/tex/latex/base/ifthen.sty
Package: ifthen 2020/11/24 v1.1c Standard LaTeX ifthen package (DPC)
)
(/nix/store/75adgcxqamh0v7cvfax3ivy0hj4f8g8q-texlive-combined-medium-2021-final
/share/texmf/tex/generic/iftex/ifxetex.sty
Package: ifxetex 2019/10/25 v0.7 ifxetex legacy package. Use iftex instead.
)
\c@ST@inline=\count286
\c@ST@plot=\count287
\c@ST@cmdline=\count288
\sagetexindent=\skip56
 (./lin_alg.sagetex.sout)
\sagecommandlineskip=\skip57
)
(/nix/store/75adgcxqamh0v7cvfax3ivy0hj4f8g8q-texlive-combined-medium-2021-final
/share/texmf/tex/latex/amsfonts/amsfonts.sty
Package: amsfonts 2013/01/14 v3.01 Basic AMSFonts support
\symAMSa=\mathgroup4
\symAMSb=\mathgroup5
LaTeX Font Info:    Redeclaring math symbol \hbar on input line 98.
LaTeX Font Info:    Overwriting math alphabet `\mathfrak' in version `bold'
(Font)                  U/euf/m/n --> U/euf/b/n on input line 106.
)
\c@thm=\count289
\c@defn=\count290
\c@ex=\count291

(/nix/store/75adgcxqamh0v7cvfax3ivy0hj4f8g8q-texlive-combined-medium-2021-final
/share/texmf/tex/latex/l3backend/l3backend-pdftex.def
File: l3backend-pdftex.def 2022-02-07 L3 backend support: PDF output (pdfTeX)
\l__color_backend_stack_int=\count292
\l__pdf_internal_box=\box56
) (./lin_alg.aux)
\openout1 = `lin_alg.aux'.

LaTeX Font Info:    Checking defaults for OML/cmm/m/it on input line 26.
LaTeX Font Info:    ... okay on input line 26.
LaTeX Font Info:    Checking defaults for OMS/cmsy/m/n on input line 26.
LaTeX Font Info:    ... okay on input line 26.
LaTeX Font Info:    Checking defaults for OT1/cmr/m/n on input line 26.
LaTeX Font Info:    ... okay on input line 26.
LaTeX Font Info:    Checking defaults for T1/cmr/m/n on input line 26.
LaTeX Font Info:    ... okay on input line 26.
LaTeX Font Info:    Checking defaults for TS1/cmr/m/n on input line 26.
LaTeX Font Info:    ... okay on input line 26.
LaTeX Font Info:    Checking defaults for OMX/cmex/m/n on input line 26.
LaTeX Font Info:    ... okay on input line 26.
LaTeX Font Info:    Checking defaults for U/cmr/m/n on input line 26.
LaTeX Font Info:    ... okay on input line 26.
\c@lstlisting=\count293

(/nix/store/75adgcxqamh0v7cvfax3ivy0hj4f8g8q-texlive-combined-medium-2021-final
/share/texmf/tex/context/base/mkii/supp-pdf.mkii
[Loading MPS to PDF converter (version 2006.09.02).]
\scratchcounter=\count294
\scratchdimen=\dimen164
\scratchbox=\box57
\nofMPsegments=\count295
\nofMParguments=\count296
\everyMPshowfont=\toks25
\MPscratchCnt=\count297
\MPscratchDim=\dimen165
\MPnumerator=\count298
\makeMPintoPDFobject=\count299
\everyMPtoPDFconversion=\toks26
)
(/nix/store/75adgcxqamh0v7cvfax3ivy0hj4f8g8q-texlive-combined-medium-2021-final
/share/texmf/tex/latex/epstopdf-pkg/epstopdf-base.sty
Package: epstopdf-base 2020-01-24 v2.11 Base part for package epstopdf
Package epstopdf-base Info: Redefining graphics rule for `.eps' on input line 4
85.

(/nix/store/75adgcxqamh0v7cvfax3ivy0hj4f8g8q-texlive-combined-medium-2021-final
/share/texmf/tex/latex/latexconfig/epstopdf-sys.cfg
File: epstopdf-sys.cfg 2010/07/13 v1.3 Configuration of (r)epstopdf for TeX Liv
e
))
\ST@sf=\write4
\openout4 = `lin_alg.sagetex.sage'.

LaTeX Font Info:    Trying to load font information for U+msa on input line 27.


(/nix/store/75adgcxqamh0v7cvfax3ivy0hj4f8g8q-texlive-combined-medium-2021-final
/share/texmf/tex/latex/amsfonts/umsa.fd
File: umsa.fd 2013/01/14 v3.01 AMS symbols A
)
LaTeX Font Info:    Trying to load font information for U+msb on input line 27.


(/nix/store/75adgcxqamh0v7cvfax3ivy0hj4f8g8q-texlive-combined-medium-2021-final
/share/texmf/tex/latex/amsfonts/umsb.fd
File: umsb.fd 2013/01/14 v3.01 AMS symbols B
) (./lin_alg.toc)
\tf@toc=\write5
\openout5 = `lin_alg.toc'.

 [1

{/nix/store/75adgcxqamh0v7cvfax3ivy0hj4f8g8q-texlive-combined-medium-2021-final
/share/texmf-var/fonts/map/pdftex/updmap/pdftex.map}] [2] [3] [4]
Underfull \hbox (badness 10000) in paragraph at lines 256--259

 []

[5] [6]
Underfull \hbox (badness 10000) in paragraph at lines 381--382

 []

[7] [8] [9] [10] [11] [12]
Underfull \hbox (badness 10000) in paragraph at lines 690--695

 []

[13] [14] [15]
Underfull \hbox (badness 10000) in paragraph at lines 814--818

 []

[16] [17]
Underfull \hbox (badness 10000) in paragraph at lines 882--883

 []


Underfull \hbox (badness 10000) in paragraph at lines 884--885

 []


Underfull \hbox (badness 10000) in paragraph at lines 886--887

 []


Underfull \hbox (badness 10000) in paragraph at lines 889--890

 []


Underfull \hbox (badness 10000) in paragraph at lines 891--893

 []

[18]
Overfull \hbox (23.78003pt too wide) in paragraph at lines 926--927
[]\OT1/cmr/m/it/10.95 signals: $\U/msb/m/n/10.95 S$ \OT1/cmr/m/it/10.95 the set
 of lists of real num-bers that ex-tend in-finitely in both di-rec-tions $\OT1/
cmr/m/n/10.95 ([] \OML/cmm/m/it/10.95 ; x[]; x[]; x[]; []\OT1/cmr/m/n/10.95 )$ 

 []


Overfull \hbox (3.20732pt too wide) in paragraph at lines 939--940
[]\OT1/cmr/m/n/10.95 For a fixed $\OML/cmm/m/it/10.95 m \OMS/cmsy/m/n/10.95 ^^B
 \OML/cmm/m/it/10.95 n$ \OT1/cmr/m/n/10.95 ma-trix $\OML/cmm/m/it/10.95 B$\OT1/
cmr/m/n/10.95 , the set $[]$ (be-cause it is the ker-nel/nullspace
 []

[19] [20]
*********************************************************************
[21] (./lin_alg.aux) ) 
Here is how much of TeX's memory you used:
 5331 strings out of 479392
 87637 string characters out of 5849273
 399854 words of memory out of 5000000
 23300 multiletter control sequences out of 15000+600000
 479884 words of font info for 66 fonts, out of 8000000 for 9000
 430 hyphenation exceptions out of 8191
 70i,14n,76p,477b,282s stack positions out of 5000i,500n,10000p,200000b,80000s
</nix/store/75adgcxqamh0v7cvfax3ivy0hj4f8g8q-texlive-comb
ined-medium-2021-final/share/texmf/fonts/type1/public/amsfonts/cm/cmbx10.pfb></
nix/store/75adgcxqamh0v7cvfax3ivy0hj4f8g8q-texlive-combined-medium-2021-final/s
hare/texmf/fonts/type1/public/amsfonts/cm/cmbx12.pfb></nix/store/75adgcxqamh0v7
cvfax3ivy0hj4f8g8q-texlive-combined-medium-2021-final/share/texmf/fonts/type1/p
ublic/amsfonts/cm/cmbxti10.pfb></nix/store/75adgcxqamh0v7cvfax3ivy0hj4f8g8q-tex
live-combined-medium-2021-final/share/texmf/fonts/type1/public/amsfonts/cm/cmex
10.pfb></nix/store/75adgcxqamh0v7cvfax3ivy0hj4f8g8q-texlive-combined-medium-202
1-final/share/texmf/fonts/type1/public/amsfonts/cm/cmmi10.pfb></nix/store/75adg
cxqamh0v7cvfax3ivy0hj4f8g8q-texlive-combined-medium-2021-final/share/texmf/font
s/type1/public/amsfonts/cm/cmmi8.pfb></nix/store/75adgcxqamh0v7cvfax3ivy0hj4f8g
8q-texlive-combined-medium-2021-final/share/texmf/fonts/type1/public/amsfonts/c
m/cmr10.pfb></nix/store/75adgcxqamh0v7cvfax3ivy0hj4f8g8q-texlive-combined-mediu
m-2021-final/share/texmf/fonts/type1/public/amsfonts/cm/cmr12.pfb></nix/store/7
5adgcxqamh0v7cvfax3ivy0hj4f8g8q-texlive-combined-medium-2021-final/share/texmf/
fonts/type1/public/amsfonts/cm/cmr17.pfb></nix/store/75adgcxqamh0v7cvfax3ivy0hj
4f8g8q-texlive-combined-medium-2021-final/share/texmf/fonts/type1/public/amsfon
ts/cm/cmr8.pfb></nix/store/75adgcxqamh0v7cvfax3ivy0hj4f8g8q-texlive-combined-me
dium-2021-final/share/texmf/fonts/type1/public/amsfonts/cm/cmsy10.pfb></nix/sto
re/75adgcxqamh0v7cvfax3ivy0hj4f8g8q-texlive-combined-medium-2021-final/share/te
xmf/fonts/type1/public/amsfonts/cm/cmsy8.pfb></nix/store/75adgcxqamh0v7cvfax3iv
y0hj4f8g8q-texlive-combined-medium-2021-final/share/texmf/fonts/type1/public/am
sfonts/cm/cmti10.pfb></nix/store/75adgcxqamh0v7cvfax3ivy0hj4f8g8q-texlive-combi
ned-medium-2021-final/share/texmf/fonts/type1/public/amsfonts/cm/cmtt10.pfb></n
ix/store/75adgcxqamh0v7cvfax3ivy0hj4f8g8q-texlive-combined-medium-2021-final/sh
are/texmf/fonts/type1/public/amsfonts/symbols/msbm10.pfb>
Output written on lin_alg.pdf (21 pages, 255212 bytes).
PDF statistics:
 147 PDF objects out of 1000 (max. 8388607)
 93 compressed objects within 1 object stream
 0 named destinations out of 1000 (max. 500000)
 1 words of extra memory for PDF output out of 10000 (max. 10000000)

