This is pdfTeX, Version 3.141592653-2.6-1.40.22 (TeX Live 2021/nixos.org) (preloaded format=pdflatex 1980.1.1)  2 MAR 2023 17:53
entering extended mode
 restricted \write18 enabled.
 %&-line parsing enabled.
**/home/atticusk/math/multi/multi.tex
(/home/atticusk/math/multi/multi.tex
LaTeX2e <2021-11-15> patch level 1
L3 programming layer <2022-02-24>
(/nix/store/75adgcxqamh0v7cvfax3ivy0hj4f8g8q-texlive-combined-medium-2021-final
/share/texmf/tex/latex/base/article.cls
Document Class: article 2021/10/04 v1.4n Standard LaTeX document class

(/nix/store/75adgcxqamh0v7cvfax3ivy0hj4f8g8q-texlive-combined-medium-2021-final
/share/texmf/tex/latex/base/size11.clo
File: size11.clo 2021/10/04 v1.4n Standard LaTeX file (size option)
)
\c@part=\count185
\c@section=\count186
\c@subsection=\count187
\c@subsubsection=\count188
\c@paragraph=\count189
\c@subparagraph=\count190
\c@figure=\count191
\c@table=\count192
\abovecaptionskip=\skip47
\belowcaptionskip=\skip48
\bibindent=\dimen138
)
(/nix/store/75adgcxqamh0v7cvfax3ivy0hj4f8g8q-texlive-combined-medium-2021-final
/share/texmf/tex/latex/mathtools/mathtools.sty
Package: mathtools 2022/02/07 v1.28a mathematical typesetting tools

(/nix/store/75adgcxqamh0v7cvfax3ivy0hj4f8g8q-texlive-combined-medium-2021-final
/share/texmf/tex/latex/graphics/keyval.sty
Package: keyval 2014/10/28 v1.15 key=value parser (DPC)
\KV@toks@=\toks16
)
(/nix/store/75adgcxqamh0v7cvfax3ivy0hj4f8g8q-texlive-combined-medium-2021-final
/share/texmf/tex/latex/tools/calc.sty
Package: calc 2017/05/25 v4.3 Infix arithmetic (KKT,FJ)
\calc@Acount=\count193
\calc@Bcount=\count194
\calc@Adimen=\dimen139
\calc@Bdimen=\dimen140
\calc@Askip=\skip49
\calc@Bskip=\skip50
LaTeX Info: Redefining \setlength on input line 80.
LaTeX Info: Redefining \addtolength on input line 81.
\calc@Ccount=\count195
\calc@Cskip=\skip51
)
(/nix/store/75adgcxqamh0v7cvfax3ivy0hj4f8g8q-texlive-combined-medium-2021-final
/share/texmf/tex/latex/mathtools/mhsetup.sty
Package: mhsetup 2021/03/18 v1.4 programming setup (MH)
)
(/nix/store/75adgcxqamh0v7cvfax3ivy0hj4f8g8q-texlive-combined-medium-2021-final
/share/texmf/tex/latex/amsmath/amsmath.sty
Package: amsmath 2021/10/15 v2.17l AMS math features
\@mathmargin=\skip52

For additional information on amsmath, use the `?' option.

(/nix/store/75adgcxqamh0v7cvfax3ivy0hj4f8g8q-texlive-combined-medium-2021-final
/share/texmf/tex/latex/amsmath/amstext.sty
Package: amstext 2021/08/26 v2.01 AMS text

(/nix/store/75adgcxqamh0v7cvfax3ivy0hj4f8g8q-texlive-combined-medium-2021-final
/share/texmf/tex/latex/amsmath/amsgen.sty
File: amsgen.sty 1999/11/30 v2.0 generic functions
\@emptytoks=\toks17
\ex@=\dimen141
))
(/nix/store/75adgcxqamh0v7cvfax3ivy0hj4f8g8q-texlive-combined-medium-2021-final
/share/texmf/tex/latex/amsmath/amsbsy.sty
Package: amsbsy 1999/11/29 v1.2d Bold Symbols
\pmbraise@=\dimen142
)
(/nix/store/75adgcxqamh0v7cvfax3ivy0hj4f8g8q-texlive-combined-medium-2021-final
/share/texmf/tex/latex/amsmath/amsopn.sty
Package: amsopn 2021/08/26 v2.02 operator names
)
\inf@bad=\count196
LaTeX Info: Redefining \frac on input line 234.
\uproot@=\count197
\leftroot@=\count198
LaTeX Info: Redefining \overline on input line 399.
\classnum@=\count199
\DOTSCASE@=\count266
LaTeX Info: Redefining \ldots on input line 496.
LaTeX Info: Redefining \dots on input line 499.
LaTeX Info: Redefining \cdots on input line 620.
\Mathstrutbox@=\box50
\strutbox@=\box51
\big@size=\dimen143
LaTeX Font Info:    Redeclaring font encoding OML on input line 743.
LaTeX Font Info:    Redeclaring font encoding OMS on input line 744.
\macc@depth=\count267
\c@MaxMatrixCols=\count268
\dotsspace@=\muskip16
\c@parentequation=\count269
\dspbrk@lvl=\count270
\tag@help=\toks18
\row@=\count271
\column@=\count272
\maxfields@=\count273
\andhelp@=\toks19
\eqnshift@=\dimen144
\alignsep@=\dimen145
\tagshift@=\dimen146
\tagwidth@=\dimen147
\totwidth@=\dimen148
\lineht@=\dimen149
\@envbody=\toks20
\multlinegap=\skip53
\multlinetaggap=\skip54
\mathdisplay@stack=\toks21
LaTeX Info: Redefining \[ on input line 2938.
LaTeX Info: Redefining \] on input line 2939.
)
\g_MT_multlinerow_int=\count274
\l_MT_multwidth_dim=\dimen150
\origjot=\skip55
\l_MT_shortvdotswithinadjustabove_dim=\dimen151
\l_MT_shortvdotswithinadjustbelow_dim=\dimen152
\l_MT_above_intertext_sep=\dimen153
\l_MT_below_intertext_sep=\dimen154
\l_MT_above_shortintertext_sep=\dimen155
\l_MT_below_shortintertext_sep=\dimen156
\xmathstrut@box=\box52
\xmathstrut@dim=\dimen157
)
(/home/atticusk/texmf/tex/latex/commonstuff/sagetex.sty
Package: sagetex 2021/10/16 v3.6 embedding Sage into LaTeX documents

(/nix/store/75adgcxqamh0v7cvfax3ivy0hj4f8g8q-texlive-combined-medium-2021-final
/share/texmf/tex/latex/tools/verbatim.sty
Package: verbatim 2020-07-07 v1.5u LaTeX2e package for verbatim enhancements
\every@verbatim=\toks22
\verbatim@line=\toks23
\verbatim@in@stream=\read2
)
(/nix/store/75adgcxqamh0v7cvfax3ivy0hj4f8g8q-texlive-combined-medium-2021-final
/share/texmf/tex/latex/fancyvrb/fancyvrb.sty
Package: fancyvrb 2021/12/21 4.1b verbatim text (tvz,hv)
\FV@CodeLineNo=\count275
\FV@InFile=\read3
\FV@TabBox=\box53
\c@FancyVerbLine=\count276
\FV@StepNumber=\count277
\FV@OutFile=\write3
)
(/nix/store/75adgcxqamh0v7cvfax3ivy0hj4f8g8q-texlive-combined-medium-2021-final
/share/texmf/tex/latex/listings/listings.sty
\lst@mode=\count278
\lst@gtempboxa=\box54
\lst@token=\toks24
\lst@length=\count279
\lst@currlwidth=\dimen158
\lst@column=\count280
\lst@pos=\count281
\lst@lostspace=\dimen159
\lst@width=\dimen160
\lst@newlines=\count282
\lst@lineno=\count283
\lst@maxwidth=\dimen161

(/nix/store/75adgcxqamh0v7cvfax3ivy0hj4f8g8q-texlive-combined-medium-2021-final
/share/texmf/tex/latex/listings/lstmisc.sty
File: lstmisc.sty 2020/03/24 1.8d (Carsten Heinz)
\c@lstnumber=\count284
\lst@skipnumbers=\count285
\lst@framebox=\box55
)
(/nix/store/75adgcxqamh0v7cvfax3ivy0hj4f8g8q-texlive-combined-medium-2021-final
/share/texmf/tex/latex/listings/listings.cfg
File: listings.cfg 2020/03/24 1.8d listings configuration
))
Package: listings 2020/03/24 1.8d (Carsten Heinz)

(/nix/store/75adgcxqamh0v7cvfax3ivy0hj4f8g8q-texlive-combined-medium-2021-final
/share/texmf/tex/latex/xcolor/xcolor.sty
Package: xcolor 2021/10/31 v2.13 LaTeX color extensions (UK)

(/nix/store/75adgcxqamh0v7cvfax3ivy0hj4f8g8q-texlive-combined-medium-2021-final
/share/texmf/tex/latex/graphics-cfg/color.cfg
File: color.cfg 2016/01/02 v1.6 sample color configuration
)
Package xcolor Info: Driver file: pdftex.def on input line 227.

(/nix/store/75adgcxqamh0v7cvfax3ivy0hj4f8g8q-texlive-combined-medium-2021-final
/share/texmf/tex/latex/graphics-def/pdftex.def
File: pdftex.def 2020/10/05 v1.2a Graphics/color driver for pdftex
)
Package xcolor Info: Model `cmy' substituted by `cmy0' on input line 1352.
Package xcolor Info: Model `hsb' substituted by `rgb' on input line 1356.
Package xcolor Info: Model `RGB' extended on input line 1368.
Package xcolor Info: Model `HTML' substituted by `rgb' on input line 1370.
Package xcolor Info: Model `Hsb' substituted by `hsb' on input line 1371.
Package xcolor Info: Model `tHsb' substituted by `hsb' on input line 1372.
Package xcolor Info: Model `HSB' substituted by `hsb' on input line 1373.
Package xcolor Info: Model `Gray' substituted by `gray' on input line 1374.
Package xcolor Info: Model `wave' substituted by `hsb' on input line 1375.
)
(/nix/store/75adgcxqamh0v7cvfax3ivy0hj4f8g8q-texlive-combined-medium-2021-final
/share/texmf/tex/latex/graphics/graphicx.sty
Package: graphicx 2021/09/16 v1.2d Enhanced LaTeX Graphics (DPC,SPQR)

(/nix/store/75adgcxqamh0v7cvfax3ivy0hj4f8g8q-texlive-combined-medium-2021-final
/share/texmf/tex/latex/graphics/graphics.sty
Package: graphics 2021/03/04 v1.4d Standard LaTeX Graphics (DPC,SPQR)

(/nix/store/75adgcxqamh0v7cvfax3ivy0hj4f8g8q-texlive-combined-medium-2021-final
/share/texmf/tex/latex/graphics/trig.sty
Package: trig 2021/08/11 v1.11 sin cos tan (DPC)
)
(/nix/store/75adgcxqamh0v7cvfax3ivy0hj4f8g8q-texlive-combined-medium-2021-final
/share/texmf/tex/latex/graphics-cfg/graphics.cfg
File: graphics.cfg 2016/06/04 v1.11 sample graphics configuration
)
Package graphics Info: Driver file: pdftex.def on input line 107.
)
\Gin@req@height=\dimen162
\Gin@req@width=\dimen163
)
(/nix/store/75adgcxqamh0v7cvfax3ivy0hj4f8g8q-texlive-combined-medium-2021-final
/share/texmf/tex/latex/makecmds/makecmds.sty
Package: makecmds 2009/09/03 v1.0a extra command making commands
)
(/nix/store/75adgcxqamh0v7cvfax3ivy0hj4f8g8q-texlive-combined-medium-2021-final
/share/texmf/tex/generic/iftex/ifpdf.sty
Package: ifpdf 2019/10/25 v3.4 ifpdf legacy package. Use iftex instead.

(/nix/store/75adgcxqamh0v7cvfax3ivy0hj4f8g8q-texlive-combined-medium-2021-final
/share/texmf/tex/generic/iftex/iftex.sty
Package: iftex 2022/02/03 v1.0f TeX engine tests
))
(/nix/store/75adgcxqamh0v7cvfax3ivy0hj4f8g8q-texlive-combined-medium-2021-final
/share/texmf/tex/latex/base/ifthen.sty
Package: ifthen 2020/11/24 v1.1c Standard LaTeX ifthen package (DPC)
)
(/nix/store/75adgcxqamh0v7cvfax3ivy0hj4f8g8q-texlive-combined-medium-2021-final
/share/texmf/tex/generic/iftex/ifxetex.sty
Package: ifxetex 2019/10/25 v0.7 ifxetex legacy package. Use iftex instead.
)
\c@ST@inline=\count286
\c@ST@plot=\count287
\c@ST@cmdline=\count288
\sagetexindent=\skip56
 (./multi.sagetex.sout)
\sagecommandlineskip=\skip57
)
(/nix/store/75adgcxqamh0v7cvfax3ivy0hj4f8g8q-texlive-combined-medium-2021-final
/share/texmf/tex/latex/amsfonts/amsfonts.sty
Package: amsfonts 2013/01/14 v3.01 Basic AMSFonts support
\symAMSa=\mathgroup4
\symAMSb=\mathgroup5
LaTeX Font Info:    Redeclaring math symbol \hbar on input line 98.
LaTeX Font Info:    Overwriting math alphabet `\mathfrak' in version `bold'
(Font)                  U/euf/m/n --> U/euf/b/n on input line 106.
)
\c@thm=\count289
\c@defn=\count290
\c@ex=\count291

(/nix/store/75adgcxqamh0v7cvfax3ivy0hj4f8g8q-texlive-combined-medium-2021-final
/share/texmf/tex/latex/l3backend/l3backend-pdftex.def
File: l3backend-pdftex.def 2022-02-07 L3 backend support: PDF output (pdfTeX)
\l__color_backend_stack_int=\count292
\l__pdf_internal_box=\box56
) (./multi.aux)
\openout1 = `multi.aux'.

LaTeX Font Info:    Checking defaults for OML/cmm/m/it on input line 25.
LaTeX Font Info:    ... okay on input line 25.
LaTeX Font Info:    Checking defaults for OMS/cmsy/m/n on input line 25.
LaTeX Font Info:    ... okay on input line 25.
LaTeX Font Info:    Checking defaults for OT1/cmr/m/n on input line 25.
LaTeX Font Info:    ... okay on input line 25.
LaTeX Font Info:    Checking defaults for T1/cmr/m/n on input line 25.
LaTeX Font Info:    ... okay on input line 25.
LaTeX Font Info:    Checking defaults for TS1/cmr/m/n on input line 25.
LaTeX Font Info:    ... okay on input line 25.
LaTeX Font Info:    Checking defaults for OMX/cmex/m/n on input line 25.
LaTeX Font Info:    ... okay on input line 25.
LaTeX Font Info:    Checking defaults for U/cmr/m/n on input line 25.
LaTeX Font Info:    ... okay on input line 25.
\c@lstlisting=\count293

(/nix/store/75adgcxqamh0v7cvfax3ivy0hj4f8g8q-texlive-combined-medium-2021-final
/share/texmf/tex/context/base/mkii/supp-pdf.mkii
[Loading MPS to PDF converter (version 2006.09.02).]
\scratchcounter=\count294
\scratchdimen=\dimen164
\scratchbox=\box57
\nofMPsegments=\count295
\nofMParguments=\count296
\everyMPshowfont=\toks25
\MPscratchCnt=\count297
\MPscratchDim=\dimen165
\MPnumerator=\count298
\makeMPintoPDFobject=\count299
\everyMPtoPDFconversion=\toks26
)
(/nix/store/75adgcxqamh0v7cvfax3ivy0hj4f8g8q-texlive-combined-medium-2021-final
/share/texmf/tex/latex/epstopdf-pkg/epstopdf-base.sty
Package: epstopdf-base 2020-01-24 v2.11 Base part for package epstopdf
Package epstopdf-base Info: Redefining graphics rule for `.eps' on input line 4
85.

(/nix/store/75adgcxqamh0v7cvfax3ivy0hj4f8g8q-texlive-combined-medium-2021-final
/share/texmf/tex/latex/latexconfig/epstopdf-sys.cfg
File: epstopdf-sys.cfg 2010/07/13 v1.3 Configuration of (r)epstopdf for TeX Liv
e
))
\ST@sf=\write4
\openout4 = `multi.sagetex.sage'.

LaTeX Font Info:    Trying to load font information for U+msa on input line 26.


(/nix/store/75adgcxqamh0v7cvfax3ivy0hj4f8g8q-texlive-combined-medium-2021-final
/share/texmf/tex/latex/amsfonts/umsa.fd
File: umsa.fd 2013/01/14 v3.01 AMS symbols A
)
LaTeX Font Info:    Trying to load font information for U+msb on input line 26.


(/nix/store/75adgcxqamh0v7cvfax3ivy0hj4f8g8q-texlive-combined-medium-2021-final
/share/texmf/tex/latex/amsfonts/umsb.fd
File: umsb.fd 2013/01/14 v3.01 AMS symbols B
) (./multi.toc [1

{/nix/store/75adgcxqamh0v7cvfax3ivy0hj4f8g8q-texlive-combined-medium-2021-final
/share/texmf-var/fonts/map/pdftex/updmap/pdftex.map}])
\tf@toc=\write5
\openout5 = `multi.toc'.

 [2] [3]
<sage-plots-for-multi.tex/plot-0.png, id=22, 501.875pt x 501.875pt>
File: sage-plots-for-multi.tex/plot-0.png Graphic file (type png)
<use sage-plots-for-multi.tex/plot-0.png>
Package pdftex.def Info: sage-plots-for-multi.tex/plot-0.png  used on input lin
e 137.
(pdftex.def)             Requested size: 85.3559pt x 85.35826pt.
<sage-plots-for-multi.tex/plot-1.png, id=23, 501.875pt x 501.875pt>
File: sage-plots-for-multi.tex/plot-1.png Graphic file (type png)
<use sage-plots-for-multi.tex/plot-1.png>
Package pdftex.def Info: sage-plots-for-multi.tex/plot-1.png  used on input lin
e 138.
(pdftex.def)             Requested size: 85.3559pt x 85.35826pt.
<sage-plots-for-multi.tex/plot-2.png, id=24, 501.875pt x 501.875pt>
File: sage-plots-for-multi.tex/plot-2.png Graphic file (type png)
<use sage-plots-for-multi.tex/plot-2.png>
Package pdftex.def Info: sage-plots-for-multi.tex/plot-2.png  used on input lin
e 139.
(pdftex.def)             Requested size: 85.3559pt x 85.35826pt.
<sage-plots-for-multi.tex/plot-3.png, id=25, 501.875pt x 501.875pt>
File: sage-plots-for-multi.tex/plot-3.png Graphic file (type png)
<use sage-plots-for-multi.tex/plot-3.png>
Package pdftex.def Info: sage-plots-for-multi.tex/plot-3.png  used on input lin
e 140.
(pdftex.def)             Requested size: 85.3559pt x 85.35826pt.
<sage-plots-for-multi.tex/plot-4.png, id=26, 501.875pt x 501.875pt>
File: sage-plots-for-multi.tex/plot-4.png Graphic file (type png)
<use sage-plots-for-multi.tex/plot-4.png>
Package pdftex.def Info: sage-plots-for-multi.tex/plot-4.png  used on input lin
e 141.
(pdftex.def)             Requested size: 85.3559pt x 85.35826pt.
<sage-plots-for-multi.tex/plot-5.png, id=27, 501.875pt x 501.875pt>
File: sage-plots-for-multi.tex/plot-5.png Graphic file (type png)
<use sage-plots-for-multi.tex/plot-5.png>
Package pdftex.def Info: sage-plots-for-multi.tex/plot-5.png  used on input lin
e 142.
(pdftex.def)             Requested size: 85.3559pt x 85.35826pt.


LaTeX Warning: `h' float specifier changed to `ht'.

[4]
<sage-plots-for-multi.tex/plot-6.png, id=37, 501.875pt x 501.875pt>
File: sage-plots-for-multi.tex/plot-6.png Graphic file (type png)
<use sage-plots-for-multi.tex/plot-6.png>
Package pdftex.def Info: sage-plots-for-multi.tex/plot-6.png  used on input lin
e 172.
(pdftex.def)             Requested size: 142.26239pt x 142.26378pt.
 [5]
<sage-plots-for-multi.tex/plot-7.pdf, id=41, 454.78679pt x 338.37286pt>
File: sage-plots-for-multi.tex/plot-7.pdf Graphic file (type pdf)
<use sage-plots-for-multi.tex/plot-7.pdf>
Package pdftex.def Info: sage-plots-for-multi.tex/plot-7.pdf  used on input lin
e 193.
(pdftex.def)             Requested size: 191.21039pt x 142.26378pt.
 [6 <./sage-plots-for-multi.tex/plot-6.png (PNG copy)> <./sage-plots-for-multi.
tex/plot-7.pdf>]
<sage-plots-for-multi.tex/plot-8.pdf, id=57, 452.72893pt x 338.66216pt>
File: sage-plots-for-multi.tex/plot-8.pdf Graphic file (type pdf)
<use sage-plots-for-multi.tex/plot-8.pdf>
Package pdftex.def Info: sage-plots-for-multi.tex/plot-8.pdf  used on input lin
e 210.
(pdftex.def)             Requested size: 190.17938pt x 142.26378pt.
 [7 <./sage-plots-for-multi.tex/plot-8.pdf>]
<sage-plots-for-multi.tex/plot-9.pdf, id=76, 196.0097pt x 338.37286pt>
File: sage-plots-for-multi.tex/plot-9.pdf Graphic file (type pdf)
<use sage-plots-for-multi.tex/plot-9.pdf>
Package pdftex.def Info: sage-plots-for-multi.tex/plot-9.pdf  used on input lin
e 278.
(pdftex.def)             Requested size: 82.41023pt x 142.26378pt.
<sage-plots-for-multi.tex/plot-10.pdf, id=77, 346.59033pt x 338.37286pt>
File: sage-plots-for-multi.tex/plot-10.pdf Graphic file (type pdf)
<use sage-plots-for-multi.tex/plot-10.pdf>
Package pdftex.def Info: sage-plots-for-multi.tex/plot-10.pdf  used on input li
ne 286.
(pdftex.def)             Requested size: 145.7203pt x 142.26378pt.

Overfull \hbox (46.31242pt too wide) in paragraph at lines 284--287
[]\OT1/cmr/m/it/10.95 If you want $\OML/cmm/m/it/10.95 r$ \OT1/cmr/m/it/10.95 t
o be the outer, then it's a bit harder We split it into 2 re-gions  []
 []


Underfull \hbox (badness 10000) in paragraph at lines 284--287

 []

[8 <./sage-plots-for-multi.tex/plot-9.pdf>]
<sage-plots-for-multi.tex/plot-11.pdf, id=94, 188.7144pt x 339.25935pt>
File: sage-plots-for-multi.tex/plot-11.pdf Graphic file (type pdf)
<use sage-plots-for-multi.tex/plot-11.pdf>
Package pdftex.def Info: sage-plots-for-multi.tex/plot-11.pdf  used on input li
ne 306.
(pdftex.def)             Requested size: 79.13568pt x 142.26378pt.
 [9 <./sage-plots-for-multi.tex/plot-10.pdf> <./sage-plots-for-multi.tex/plot-1
1.pdf>]
<sage-plots-for-multi.tex/plot-12.png, id=122, 501.875pt x 501.875pt>
File: sage-plots-for-multi.tex/plot-12.png Graphic file (type png)
<use sage-plots-for-multi.tex/plot-12.png>
Package pdftex.def Info: sage-plots-for-multi.tex/plot-12.png  used on input li
ne 325.
(pdftex.def)             Requested size: 142.26239pt x 142.26378pt.
<sage-plots-for-multi.tex/plot-13.pdf, id=123, 355.98201pt x 339.25935pt>
File: sage-plots-for-multi.tex/plot-13.pdf Graphic file (type pdf)
<use sage-plots-for-multi.tex/plot-13.pdf>
Package pdftex.def Info: sage-plots-for-multi.tex/plot-13.pdf  used on input li
ne 327.
(pdftex.def)             Requested size: 149.27785pt x 142.26378pt.
<sage-plots-for-multi.tex/plot-14.pdf, id=124, 106.26576pt x 339.25935pt>
File: sage-plots-for-multi.tex/plot-14.pdf Graphic file (type pdf)
<use sage-plots-for-multi.tex/plot-14.pdf>
Package pdftex.def Info: sage-plots-for-multi.tex/plot-14.pdf  used on input li
ne 333.
(pdftex.def)             Requested size: 44.56158pt x 142.26378pt.
 [10 <./sage-plots-for-multi.tex/plot-12.png (PNG copy)> <./sage-plots-for-mult
i.tex/plot-13.pdf>]
<sage-plots-for-multi.tex/plot-15.pdf, id=139, 168.22563pt x 338.6628pt>
File: sage-plots-for-multi.tex/plot-15.pdf Graphic file (type pdf)
<use sage-plots-for-multi.tex/plot-15.pdf>
Package pdftex.def Info: sage-plots-for-multi.tex/plot-15.pdf  used on input li
ne 339.
(pdftex.def)             Requested size: 98.93394pt x 199.16928pt.
<sage-plots-for-multi.tex/plot-16.pdf, id=140, 452.72893pt x 315.24759pt>
File: sage-plots-for-multi.tex/plot-16.pdf Graphic file (type pdf)
<use sage-plots-for-multi.tex/plot-16.pdf>
Package pdftex.def Info: sage-plots-for-multi.tex/plot-16.pdf  used on input li
ne 348.
(pdftex.def)             Requested size: 286.03587pt x 199.16928pt.

Overfull \hbox (5.4256pt too wide) in paragraph at lines 347--351
[]\OT1/cmr/m/it/10.95 Consider the re-gion  []   Do
 []

[11 <./sage-plots-for-multi.tex/plot-14.pdf> <./sage-plots-for-multi.tex/plot-1
5.pdf>]
Overfull \hbox (45.24525pt too wide) detected at line 357
[][] [][] \OML/cmm/m/it/10.95 r[] [] ^^Rdrd^^R \OT1/cmr/m/n/10.95 + [][] [][] \
OML/cmm/m/it/10.95 r[] [] ^^Rdrd^^R \OT1/cmr/m/n/10.95 + [][] [][] \OML/cmm/m/i
t/10.95 r[] [] ^^Rdrd^^R
 []

[12 <./sage-plots-for-multi.tex/plot-16.pdf>]
<sage-plots-for-multi.tex/plot-17.png, id=186, 501.875pt x 501.875pt>
File: sage-plots-for-multi.tex/plot-17.png Graphic file (type png)
<use sage-plots-for-multi.tex/plot-17.png>
Package pdftex.def Info: sage-plots-for-multi.tex/plot-17.png  used on input li
ne 418.
(pdftex.def)             Requested size: 284.54012pt x 284.52756pt.

Overfull \hbox (165.90552pt too wide) in paragraph at lines 417--421
[]\OT1/cmr/m/it/10.95 Find the vol-ume of this cone us-ing all in-te-gra-tion m
eth-ods.  []
 []


Underfull \hbox (badness 10000) in paragraph at lines 417--421

 []

[13]
<sage-plots-for-multi.tex/plot-18.png, id=191, 501.875pt x 501.875pt>
File: sage-plots-for-multi.tex/plot-18.png Graphic file (type png)
<use sage-plots-for-multi.tex/plot-18.png>
Package pdftex.def Info: sage-plots-for-multi.tex/plot-18.png  used on input li
ne 435.
(pdftex.def)             Requested size: 284.54012pt x 284.52756pt.
 [14 <./sage-plots-for-multi.tex/plot-17.png (PNG copy)>]
<sage-plots-for-multi.tex/plot-19.pdf, id=195, 335.78433pt x 338.37286pt>
File: sage-plots-for-multi.tex/plot-19.pdf Graphic file (type pdf)
<use sage-plots-for-multi.tex/plot-19.pdf>
Package pdftex.def Info: sage-plots-for-multi.tex/plot-19.pdf  used on input li
ne 446.
(pdftex.def)             Requested size: 197.6499pt x 199.16928pt.

Overfull \hbox (84.57716pt too wide) in paragraph at lines 444--447
\OT1/cmr/m/it/10.95 The spher-i-cal in-te-gral seems com-pli-cated, so you shou
ld break up the shape.  []
 []


Underfull \hbox (badness 10000) in paragraph at lines 444--447

 []

[15 <./sage-plots-for-multi.tex/plot-18.png (PNG copy)>]
<sage-plots-for-multi.tex/plot-20.png, id=199, 501.875pt x 501.875pt>
File: sage-plots-for-multi.tex/plot-20.png Graphic file (type png)
<use sage-plots-for-multi.tex/plot-20.png>
Package pdftex.def Info: sage-plots-for-multi.tex/plot-20.png  used on input li
ne 451.
(pdftex.def)             Requested size: 227.62596pt x 227.62204pt.

Overfull \hbox (4.21686pt too wide) in paragraph at lines 449--453
[]\OT1/cmr/m/it/10.95 Write an in-te-gral for $\OML/cmm/m/it/10.95 f$ \OT1/cmr/
m/it/10.95 for the re-gion  []
 []

[16 <./sage-plots-for-multi.tex/plot-19.pdf> <./sage-plots-for-multi.tex/plot-2
0.png (PNG copy)>]
<sage-plots-for-multi.tex/plot-21.pdf, id=214, 201.61761pt x 339.25935pt>
File: sage-plots-for-multi.tex/plot-21.pdf Graphic file (type pdf)
<use sage-plots-for-multi.tex/plot-21.pdf>
Package pdftex.def Info: sage-plots-for-multi.tex/plot-21.pdf  used on input li
ne 464.
(pdftex.def)             Requested size: 118.36575pt x 199.16928pt.

Overfull \hbox (35.93523pt too wide) detected at line 475
[][] [][] \OML/cmm/m/it/10.95 r[] [] ^^Rdrd^^R \OT1/cmr/m/n/10.95 + [][] [][] \
OML/cmm/m/it/10.95 r[] [] ^^Rdrd^^R \OT1/cmr/m/n/10.95 + [][] [][] \OML/cmm/m/i
t/10.95 r[] [] ^^Rdrd^^R
 []

[17 <./sage-plots-for-multi.tex/plot-21.pdf>] [18]
<sage-plots-for-multi.tex/plot-22.pdf, id=237, 452.72893pt x 244.23274pt>
File: sage-plots-for-multi.tex/plot-22.pdf Graphic file (type pdf)
<use sage-plots-for-multi.tex/plot-22.pdf>
Package pdftex.def Info: sage-plots-for-multi.tex/plot-22.pdf  used on input li
ne 521.
(pdftex.def)             Requested size: 316.46596pt x 170.71652pt.

Overfull \hbox (56.13132pt too wide) in paragraph at lines 520--524
[]\OT1/cmr/m/it/10.95 Consider the fol-low-ing graph  []
 []

<sage-plots-for-multi.tex/plot-23.pdf, id=238, 455.27527pt x 339.25935pt>
File: sage-plots-for-multi.tex/plot-23.pdf Graphic file (type pdf)
<use sage-plots-for-multi.tex/plot-23.pdf>
Package pdftex.def Info: sage-plots-for-multi.tex/plot-23.pdf  used on input li
ne 545.
(pdftex.def)             Requested size: 190.91559pt x 142.26378pt.
[19 <./sage-plots-for-multi.tex/plot-22.pdf>]
<sage-plots-for-multi.tex/plot-24.pdf, id=254, 455.27527pt x 339.25935pt>
File: sage-plots-for-multi.tex/plot-24.pdf Graphic file (type pdf)
<use sage-plots-for-multi.tex/plot-24.pdf>
Package pdftex.def Info: sage-plots-for-multi.tex/plot-24.pdf  used on input li
ne 551.
(pdftex.def)             Requested size: 190.91559pt x 142.26378pt.
<sage-plots-for-multi.tex/plot-25.pdf, id=255, 455.27527pt x 339.25935pt>
File: sage-plots-for-multi.tex/plot-25.pdf Graphic file (type pdf)
<use sage-plots-for-multi.tex/plot-25.pdf>
Package pdftex.def Info: sage-plots-for-multi.tex/plot-25.pdf  used on input li
ne 552.
(pdftex.def)             Requested size: 190.91559pt x 142.26378pt.

Underfull \hbox (badness 10000) in paragraph at lines 549--553

 []

[20 <./sage-plots-for-multi.tex/plot-23.pdf> <./sage-plots-for-multi.tex/plot-2
4.pdf> <./sage-plots-for-multi.tex/plot-25.pdf>]
<sage-plots-for-multi.tex/plot-26.pdf, id=290, 455.27527pt x 339.25935pt>
File: sage-plots-for-multi.tex/plot-26.pdf Graphic file (type pdf)
<use sage-plots-for-multi.tex/plot-26.pdf>
Package pdftex.def Info: sage-plots-for-multi.tex/plot-26.pdf  used on input li
ne 593.
(pdftex.def)             Requested size: 190.91559pt x 142.26378pt.

Underfull \hbox (badness 10000) in paragraph at lines 589--594

 []


Underfull \hbox (badness 10000) in paragraph at lines 602--604

 []

[21 <./sage-plots-for-multi.tex/plot-26.pdf>]
<sage-plots-for-multi.tex/plot-27.pdf, id=304, 455.23953pt x 339.25935pt>
File: sage-plots-for-multi.tex/plot-27.pdf Graphic file (type pdf)
<use sage-plots-for-multi.tex/plot-27.pdf>
Package pdftex.def Info: sage-plots-for-multi.tex/plot-27.pdf  used on input li
ne 638.
(pdftex.def)             Requested size: 267.26224pt x 199.16928pt.
 [22 <./sage-plots-for-multi.tex/plot-27.pdf>]
<sage-plots-for-multi.tex/plot-28.pdf, id=319, 454.17574pt x 339.25935pt>
File: sage-plots-for-multi.tex/plot-28.pdf Graphic file (type pdf)
<use sage-plots-for-multi.tex/plot-28.pdf>
Package pdftex.def Info: sage-plots-for-multi.tex/plot-28.pdf  used on input li
ne 660.
(pdftex.def)             Requested size: 190.4545pt x 142.26378pt.
<sage-plots-for-multi.tex/plot-29.pdf, id=320, 454.17574pt x 339.25935pt>
File: sage-plots-for-multi.tex/plot-29.pdf Graphic file (type pdf)
<use sage-plots-for-multi.tex/plot-29.pdf>
Package pdftex.def Info: sage-plots-for-multi.tex/plot-29.pdf  used on input li
ne 675.
(pdftex.def)             Requested size: 190.4545pt x 142.26378pt.
 [23 <./sage-plots-for-multi.tex/plot-28.pdf>] [24 <./sage-plots-for-multi.tex/
plot-29.pdf>]
<sage-plots-for-multi.tex/plot-30.pdf, id=351, 347.5756pt x 339.25935pt>
File: sage-plots-for-multi.tex/plot-30.pdf Graphic file (type pdf)
<use sage-plots-for-multi.tex/plot-30.pdf>
Package pdftex.def Info: sage-plots-for-multi.tex/plot-30.pdf  used on input li
ne 750.
(pdftex.def)             Requested size: 145.75269pt x 142.26378pt.
 [25 <./sage-plots-for-multi.tex/plot-30.pdf>]
<sage-plots-for-multi.tex/plot-31.pdf, id=369, 455.27527pt x 339.25935pt>
File: sage-plots-for-multi.tex/plot-31.pdf Graphic file (type pdf)
<use sage-plots-for-multi.tex/plot-31.pdf>
Package pdftex.def Info: sage-plots-for-multi.tex/plot-31.pdf  used on input li
ne 807.
(pdftex.def)             Requested size: 229.09593pt x 170.71652pt.

[26]
<sage-plots-for-multi.tex/plot-32.pdf, id=373, 344.34084pt x 339.25935pt>
File: sage-plots-for-multi.tex/plot-32.pdf Graphic file (type pdf)
<use sage-plots-for-multi.tex/plot-32.pdf>
Package pdftex.def Info: sage-plots-for-multi.tex/plot-32.pdf  used on input li
ne 839.
(pdftex.def)             Requested size: 173.27336pt x 170.71652pt.
 [27 <./sage-plots-for-multi.tex/plot-31.pdf>]
<sage-plots-for-multi.tex/plot-33.pdf, id=386, 344.34084pt x 339.25935pt>
File: sage-plots-for-multi.tex/plot-33.pdf Graphic file (type pdf)
<use sage-plots-for-multi.tex/plot-33.pdf>
Package pdftex.def Info: sage-plots-for-multi.tex/plot-33.pdf  used on input li
ne 876.
(pdftex.def)             Requested size: 144.39622pt x 142.26378pt.
 [28 <./sage-plots-for-multi.tex/plot-32.pdf>]
<sage-plots-for-multi.tex/plot-34.pdf, id=400, 246.8601pt x 339.25935pt>
File: sage-plots-for-multi.tex/plot-34.pdf Graphic file (type pdf)
<use sage-plots-for-multi.tex/plot-34.pdf>
Package pdftex.def Info: sage-plots-for-multi.tex/plot-34.pdf  used on input li
ne 908.
(pdftex.def)             Requested size: 144.92674pt x 199.16928pt.
 [29 <./sage-plots-for-multi.tex/plot-33.pdf>]
<sage-plots-for-multi.tex/plot-35.pdf, id=414, 454.00282pt x 164.99373pt>
File: sage-plots-for-multi.tex/plot-35.pdf Graphic file (type pdf)
<use sage-plots-for-multi.tex/plot-35.pdf>
Package pdftex.def Info: sage-plots-for-multi.tex/plot-35.pdf  used on input li
ne 942.
(pdftex.def)             Requested size: 548.07045pt x 199.16928pt.

Overfull \hbox (78.31546pt too wide) in paragraph at lines 941--945
[]
 []


Underfull \hbox (badness 10000) in paragraph at lines 941--945

 []

[30 <./sage-plots-for-multi.tex/plot-34.pdf>] [31 <./sage-plots-for-multi.tex/p
lot-35.pdf>] [32]
Underfull \hbox (badness 10000) in paragraph at lines 1044--1046

 []

[33] [34]
<sage-plots-for-multi.tex/plot-36.png, id=456, 501.875pt x 501.875pt>
File: sage-plots-for-multi.tex/plot-36.png Graphic file (type png)
<use sage-plots-for-multi.tex/plot-36.png>
Package pdftex.def Info: sage-plots-for-multi.tex/plot-36.png  used on input li
ne 1118.
(pdftex.def)             Requested size: 199.16888pt x 199.16928pt.
<sage-plots-for-multi.tex/plot-37.png, id=457, 501.875pt x 501.875pt>
File: sage-plots-for-multi.tex/plot-37.png Graphic file (type png)
<use sage-plots-for-multi.tex/plot-37.png>
Package pdftex.def Info: sage-plots-for-multi.tex/plot-37.png  used on input li
ne 1133.
(pdftex.def)             Requested size: 250.93687pt x 250.93687pt.
 [35 <./sage-plots-for-multi.tex/plot-36.png (PNG copy)>]
<sage-plots-for-multi.tex/plot-38.png, id=461, 501.875pt x 501.875pt>
File: sage-plots-for-multi.tex/plot-38.png Graphic file (type png)
<use sage-plots-for-multi.tex/plot-38.png>
Package pdftex.def Info: sage-plots-for-multi.tex/plot-38.png  used on input li
ne 1148.
(pdftex.def)             Requested size: 152.14217pt x 231.80936pt.
 [36 <./sage-plots-for-multi.tex/plot-37.png (PNG copy)>]
<sage-plots-for-multi.tex/plot-39.png, id=465, 501.875pt x 501.875pt>
File: sage-plots-for-multi.tex/plot-39.png Graphic file (type png)
<use sage-plots-for-multi.tex/plot-39.png>
Package pdftex.def Info: sage-plots-for-multi.tex/plot-39.png  used on input li
ne 1168.
(pdftex.def)             Requested size: 250.93687pt x 250.93687pt.
 [37 <./sage-plots-for-multi.tex/plot-38.png (PNG copy)>]
Underfull \hbox (badness 10000) in paragraph at lines 1188--1189

 []

<sage-plots-for-multi.tex/plot-40.png, id=470, 501.875pt x 501.875pt>
File: sage-plots-for-multi.tex/plot-40.png Graphic file (type png)
<use sage-plots-for-multi.tex/plot-40.png>
Package pdftex.def Info: sage-plots-for-multi.tex/plot-40.png  used on input li
ne 1190.
(pdftex.def)             Requested size: 152.14217pt x 231.80936pt.
[38 <./sage-plots-for-multi.tex/plot-39.png (PNG copy)>]
<sage-plots-for-multi.tex/plot-41.png, id=475, 501.875pt x 501.875pt>
File: sage-plots-for-multi.tex/plot-41.png Graphic file (type png)
<use sage-plots-for-multi.tex/plot-41.png>
Package pdftex.def Info: sage-plots-for-multi.tex/plot-41.png  used on input li
ne 1215.
(pdftex.def)             Requested size: 250.93687pt x 250.93687pt.

Underfull \hbox (badness 10000) in paragraph at lines 1213--1217

 []

[39 <./sage-plots-for-multi.tex/plot-40.png (PNG copy)>]
Underfull \hbox (badness 10000) in paragraph at lines 1221--1222

 []

[40 <./sage-plots-for-multi.tex/plot-41.png (PNG copy)>]
<sage-plots-for-multi.tex/plot-42.png, id=482, 501.875pt x 501.875pt>
File: sage-plots-for-multi.tex/plot-42.png Graphic file (type png)
<use sage-plots-for-multi.tex/plot-42.png>
Package pdftex.def Info: sage-plots-for-multi.tex/plot-42.png  used on input li
ne 1295.
(pdftex.def)             Requested size: 250.93687pt x 250.93687pt.

Overfull \hbox (15.80771pt too wide) in paragraph at lines 1291--1298
[]\OT1/cmr/m/it/10.95 Let $\OML/cmm/m/it/10.95 S$ \OT1/cmr/m/it/10.95 be the eq
ui-lat-eral tri-an-gle in the 1st oc-tant with verit-ices at $\OT1/cmr/m/n/10.9
5 (2\OML/cmm/m/it/10.95 ; \OT1/cmr/m/n/10.95 0\OML/cmm/m/it/10.95 ; \OT1/cmr/m/
n/10.95 0)\OML/cmm/m/it/10.95 ; \OT1/cmr/m/n/10.95 (0\OML/cmm/m/it/10.95 ; \OT1
/cmr/m/n/10.95 2\OML/cmm/m/it/10.95 ; \OT1/cmr/m/n/10.95 0)\OML/cmm/m/it/10.95 
; \OT1/cmr/m/n/10.95 (0\OML/cmm/m/it/10.95 ; \OT1/cmr/m/n/10.95 0\OML/cmm/m/it/
10.95 ; \OT1/cmr/m/n/10.95 2)$
 []

[41] [42 <./sage-plots-for-multi.tex/plot-42.png (PNG copy)>]
Underfull \hbox (badness 10000) in paragraph at lines 1326--1327

 []


Overfull \hbox (5.98042pt too wide) detected at line 1344
[][] [][]\OMS/cmsy/m/n/10.95 h\OT1/cmr/m/n/10.95 3 [] \OML/cmm/m/it/10.95 ^^^ [
] ^^R; \OT1/cmr/m/n/10.95 2 \OMS/cmsy/m/n/10.95 ^^A \OT1/cmr/m/n/10.95 3 [] \OM
L/cmm/m/it/10.95 ^^^ \OT1/cmr/m/n/10.95 + 1\OML/cmm/m/it/10.95 ; \OT1/cmr/m/n/1
0.95 3 [] \OML/cmm/m/it/10.95 ^^^ [] ^^R \OT1/cmr/m/n/10.95 + 3 [] \OML/cmm/m/i
t/10.95 ^^^ [] ^^R\OMS/cmsy/m/n/10.95 i ^^A h^^@ [] \OML/cmm/m/it/10.95 ^^^; \O
MS/cmsy/m/n/10.95 ^^@ [] \OML/cmm/m/it/10.95 ^^^ [] ^^R; \OMS/cmsy/m/n/10.95 ^^
@ [] \OML/cmm/m/it/10.95 ^^^ [] ^^R\OMS/cmsy/m/n/10.95 i\OML/cmm/m/it/10.95 d^^
^d^^R
 []


Underfull \hbox (badness 10000) in paragraph at lines 1368--1370

 []

[43]
Overfull \hbox (3.51842pt too wide) detected at line 1419
[]
 []

[44]
Underfull \hbox (badness 10000) in paragraph at lines 1424--1426

 []


Underfull \hbox (badness 10000) in paragraph at lines 1427--1430

 []

[45] [46] [47] [48]
*********************************************************************
[49] [50 <./sage-plots-for-multi.tex/plot-0.png (PNG copy)> <./sage-plots-for-m
ulti.tex/plot-1.png (PNG copy)> <./sage-plots-for-multi.tex/plot-2.png (PNG cop
y)> <./sage-plots-for-multi.tex/plot-3.png (PNG copy)> <./sage-plots-for-multi.
tex/plot-4.png (PNG copy)> <./sage-plots-for-multi.tex/plot-5.png (PNG copy)>]
(./multi.aux) ) 
Here is how much of TeX's memory you used:
 5662 strings out of 479392
 100671 string characters out of 5849273
 399765 words of memory out of 5000000
 23588 multiletter control sequences out of 15000+600000
 478545 words of font info for 62 fonts, out of 8000000 for 9000
 430 hyphenation exceptions out of 8191
 70i,13n,76p,306b,367s stack positions out of 5000i,500n,10000p,200000b,80000s
</nix/store/75adgcxqamh0v7cvfax3ivy0hj4f8g8q-texlive-combined-me
dium-2021-final/share/texmf/fonts/type1/public/amsfonts/cm/cmbx10.pfb></nix/sto
re/75adgcxqamh0v7cvfax3ivy0hj4f8g8q-texlive-combined-medium-2021-final/share/te
xmf/fonts/type1/public/amsfonts/cm/cmbx12.pfb></nix/store/75adgcxqamh0v7cvfax3i
vy0hj4f8g8q-texlive-combined-medium-2021-final/share/texmf/fonts/type1/public/a
msfonts/cm/cmbxti10.pfb></nix/store/75adgcxqamh0v7cvfax3ivy0hj4f8g8q-texlive-co
mbined-medium-2021-final/share/texmf/fonts/type1/public/amsfonts/cm/cmex10.pfb>
</nix/store/75adgcxqamh0v7cvfax3ivy0hj4f8g8q-texlive-combined-medium-2021-final
/share/texmf/fonts/type1/public/amsfonts/cm/cmmi10.pfb></nix/store/75adgcxqamh0
v7cvfax3ivy0hj4f8g8q-texlive-combined-medium-2021-final/share/texmf/fonts/type1
/public/amsfonts/cm/cmmi6.pfb></nix/store/75adgcxqamh0v7cvfax3ivy0hj4f8g8q-texl
ive-combined-medium-2021-final/share/texmf/fonts/type1/public/amsfonts/cm/cmmi8
.pfb></nix/store/75adgcxqamh0v7cvfax3ivy0hj4f8g8q-texlive-combined-medium-2021-
final/share/texmf/fonts/type1/public/amsfonts/cm/cmr10.pfb></nix/store/75adgcxq
amh0v7cvfax3ivy0hj4f8g8q-texlive-combined-medium-2021-final/share/texmf/fonts/t
ype1/public/amsfonts/cm/cmr12.pfb></nix/store/75adgcxqamh0v7cvfax3ivy0hj4f8g8q-
texlive-combined-medium-2021-final/share/texmf/fonts/type1/public/amsfonts/cm/c
mr17.pfb></nix/store/75adgcxqamh0v7cvfax3ivy0hj4f8g8q-texlive-combined-medium-2
021-final/share/texmf/fonts/type1/public/amsfonts/cm/cmr6.pfb></nix/store/75adg
cxqamh0v7cvfax3ivy0hj4f8g8q-texlive-combined-medium-2021-final/share/texmf/font
s/type1/public/amsfonts/cm/cmr8.pfb></nix/store/75adgcxqamh0v7cvfax3ivy0hj4f8g8
q-texlive-combined-medium-2021-final/share/texmf/fonts/type1/public/amsfonts/cm
/cmsy10.pfb></nix/store/75adgcxqamh0v7cvfax3ivy0hj4f8g8q-texlive-combined-mediu
m-2021-final/share/texmf/fonts/type1/public/amsfonts/cm/cmsy6.pfb></nix/store/7
5adgcxqamh0v7cvfax3ivy0hj4f8g8q-texlive-combined-medium-2021-final/share/texmf/
fonts/type1/public/amsfonts/cm/cmsy8.pfb></nix/store/75adgcxqamh0v7cvfax3ivy0hj
4f8g8q-texlive-combined-medium-2021-final/share/texmf/fonts/type1/public/amsfon
ts/cm/cmti10.pfb></nix/store/75adgcxqamh0v7cvfax3ivy0hj4f8g8q-texlive-combined-
medium-2021-final/share/texmf/fonts/type1/public/amsfonts/cm/cmtt10.pfb></nix/s
tore/75adgcxqamh0v7cvfax3ivy0hj4f8g8q-texlive-combined-medium-2021-final/share/
texmf/fonts/type1/public/amsfonts/symbols/msbm10.pfb>
Output written on multi.pdf (50 pages, 1304037 bytes).
PDF statistics:
 592 PDF objects out of 1000 (max. 8388607)
 292 compressed objects within 3 object streams
 0 named destinations out of 1000 (max. 500000)
 216 words of extra memory for PDF output out of 10000 (max. 10000000)

